<?xml version="1.0" encoding="UTF-8"?>
<!-- Generated by org.testng.reporters.JUnitReportReporter -->
<testsuite skipped="11" hostname="DESKTOP-QPDABEC" name="org.base.test.HotelBooking" tests="21" failures="0" timestamp="10 Oct 2020 08:24:06 GMT" time="50.563" errors="1">
  <testcase name="booking" time="9.683" classname="org.base.test.HotelBooking"/>
  <testcase name="booking" time="11.306" classname="org.base.test.HotelBooking"/>
  <testcase name="booking" time="10.053" classname="org.base.test.HotelBooking"/>
  <testcase name="booking" time="9.814" classname="org.base.test.HotelBooking"/>
  <testcase name="testB" time="0.166" classname="org.base.test.HotelBooking"/>
  <testcase name="testB" time="0.153" classname="org.base.test.HotelBooking"/>
  <testcase name="testB" time="0.142" classname="org.base.test.HotelBooking"/>
  <testcase name="testB" time="0.170" classname="org.base.test.HotelBooking"/>
  <testcase name="testB" time="0.144" classname="org.base.test.HotelBooking"/>
  <testcase name="testD" time="0.149" classname="org.base.test.HotelBooking">
    <skipped/>
  </testcase> <!-- testD -->
  <testcase name="testD" time="0.167" classname="org.base.test.HotelBooking">
    <skipped/>
  </testcase> <!-- testD -->
  <testcase name="testD" time="6.942" classname="org.base.test.HotelBooking">
    <skipped/>
  </testcase> <!-- testD -->
  <testcase name="testD" time="0.191" classname="org.base.test.HotelBooking">
    <skipped/>
  </testcase> <!-- testD -->
  <testcase name="testD" time="0.137" classname="org.base.test.HotelBooking">
    <skipped/>
  </testcase> <!-- testD -->
  <testcase name="testD" time="0.317" classname="org.base.test.HotelBooking">
    <skipped/>
  </testcase> <!-- testD -->
  <testcase name="testD" time="0.167" classname="org.base.test.HotelBooking">
    <error type="java.lang.ArithmeticException" message="/ by zero">
      <![CDATA[java.lang.ArithmeticException: / by zero
at org.base.test.HotelBooking.testD(HotelBooking.java:218)
at sun.reflect.NativeMethodAccessorImpl.invoke0(Native Method)
at sun.reflect.NativeMethodAccessorImpl.invoke(Unknown Source)
at sun.reflect.DelegatingMethodAccessorImpl.invoke(Unknown Source)
at java.lang.reflect.Method.invoke(Unknown Source)
at org.testng.internal.MethodInvocationHelper.invokeMethod(MethodInvocationHelper.java:124)
at org.testng.internal.Invoker.invokeMethod(Invoker.java:583)
at org.testng.internal.Invoker.retryFailed(Invoker.java:839)
at org.testng.internal.Invoker.invokeTestMethods(Invoker.java:1010)
at org.testng.internal.TestMethodWorker.invokeTestMethods(TestMethodWorker.java:125)
at org.testng.internal.TestMethodWorker.run(TestMethodWorker.java:109)
at org.testng.TestRunner.privateRun(TestRunner.java:648)
at org.testng.TestRunner.run(TestRunner.java:505)
at org.testng.SuiteRunner.runTest(SuiteRunner.java:455)
at org.testng.SuiteRunner.runSequentially(SuiteRunner.java:450)
at org.testng.SuiteRunner.privateRun(SuiteRunner.java:415)
at org.testng.SuiteRunner.run(SuiteRunner.java:364)
at org.testng.SuiteRunnerWorker.runSuite(SuiteRunnerWorker.java:52)
at org.testng.SuiteRunnerWorker.run(SuiteRunnerWorker.java:84)
at org.testng.TestNG.runSuitesSequentially(TestNG.java:1208)
at org.testng.TestNG.runSuitesLocally(TestNG.java:1137)
at org.testng.TestNG.runSuites(TestNG.java:1049)
at org.testng.TestNG.run(TestNG.java:1017)
at org.testng.remote.AbstractRemoteTestNG.run(AbstractRemoteTestNG.java:114)
at org.testng.remote.RemoteTestNG.initAndRun(RemoteTestNG.java:251)
at org.testng.remote.RemoteTestNG.main(RemoteTestNG.java:77)
]]>
    </error>
  </testcase> <!-- testD -->
  <testcase name="testD" time="0.146" classname="org.base.test.HotelBooking">
    <skipped/>
  </testcase> <!-- testD -->
  <testcase name="testD" time="0.154" classname="org.base.test.HotelBooking">
    <skipped/>
  </testcase> <!-- testD -->
  <testcase name="testD" time="0.381" classname="org.base.test.HotelBooking">
    <skipped/>
  </testcase> <!-- testD -->
  <testcase name="testD" time="0.181" classname="org.base.test.HotelBooking">
    <skipped/>
  </testcase> <!-- testD -->
  <testcase name="testC" classname="org.base.test.HotelBooking">
    <skipped/>
  </testcase> <!-- testC -->
</testsuite> <!-- org.base.test.HotelBooking -->
