<?xml version="1.0" encoding="UTF-8"?>
<!-- Generated by org.testng.reporters.JUnitReportReporter -->
<testsuite skipped="0" hostname="DESKTOP-QPDABEC" name="org.base.test.DropdownTest" tests="1" failures="0" timestamp="30 Aug 2020 17:37:27 GMT" time="12.046" errors="0">
  <testcase name="test" time="12.046" classname="org.base.test.DropdownTest"/>
</testsuite> <!-- org.base.test.DropdownTest -->
