<?xml version="1.0" encoding="UTF-8"?>
<!-- Generated by org.testng.reporters.JUnitReportReporter -->
<testsuite skipped="0" hostname="DESKTOP-QPDABEC" name="org.base.test.AdactinTest" tests="1" failures="0" timestamp="30 Aug 2020 14:55:10 GMT" time="4.540" errors="0">
  <testcase name="test" time="4.540" classname="org.base.test.AdactinTest"/>
</testsuite> <!-- org.base.test.AdactinTest -->
