<?xml version="1.0" encoding="UTF-8"?>
<!-- Generated by org.testng.reporters.JUnitReportReporter -->
<testsuite skipped="0" hostname="DESKTOP-QPDABEC" name="org.base.test.TestD" tests="4" failures="0" timestamp="22 Jun 2020 18:19:30 GMT" time="0.016" errors="0">
  <testcase name="testE" time="0.000" classname="org.base.test.TestD"/>
  <testcase name="testF" time="0.000" classname="org.base.test.TestD"/>
  <testcase name="testF" time="0.000" classname="org.base.test.TestD"/>
  <testcase name="testE" time="0.016" classname="org.base.test.TestD"/>
</testsuite> <!-- org.base.test.TestD -->
