<?xml version="1.0" encoding="UTF-8"?>
<!-- Generated by org.testng.reporters.JUnitReportReporter -->
<testsuite skipped="0" hostname="DESKTOP-QPDABEC" name="org.base.test.LoginWebsite" tests="1" failures="0" timestamp="30 Aug 2020 14:50:19 GMT" time="2.695" errors="0">
  <testcase name="logn" time="2.695" classname="org.base.test.LoginWebsite"/>
</testsuite> <!-- org.base.test.LoginWebsite -->
