<?xml version="1.0" encoding="UTF-8"?>
<!-- Generated by org.testng.reporters.JUnitReportReporter -->
<testsuite skipped="0" hostname="DESKTOP-QPDABEC" name="org.base.test.CheckboxTest" tests="1" failures="0" timestamp="30 Aug 2020 15:29:26 GMT" time="2.454" errors="0">
  <testcase name="test" time="2.454" classname="org.base.test.CheckboxTest"/>
</testsuite> <!-- org.base.test.CheckboxTest -->
