<?xml version="1.0" encoding="UTF-8"?>
<!-- Generated by org.testng.reporters.JUnitReportReporter -->
<testsuite skipped="0" hostname="DESKTOP-QPDABEC" name="org.base.test.TestD" tests="2" failures="0" timestamp="22 Jul 2020 13:34:10 GMT" time="0.002" errors="0">
  <testcase name="testF" time="0.001" classname="org.base.test.TestD"/>
  <testcase name="testE" time="0.001" classname="org.base.test.TestD"/>
</testsuite> <!-- org.base.test.TestD -->
