<?xml version="1.0" encoding="UTF-8"?>
<!-- Generated by org.testng.reporters.JUnitReportReporter -->
<testsuite skipped="2" hostname="DESKTOP-QPDABEC" name="org.base.test.HotelBooking" tests="20" failures="0" timestamp="22 Jun 2020 18:19:30 GMT" time="158.257" errors="0">
  <testcase name="booking" time="24.517" classname="org.base.test.HotelBooking"/>
  <testcase name="booking" time="11.730" classname="org.base.test.HotelBooking"/>
  <testcase name="booking" time="25.793" classname="org.base.test.HotelBooking"/>
  <testcase name="booking" time="20.316" classname="org.base.test.HotelBooking"/>
  <testcase name="booking" time="11.082" classname="org.base.test.HotelBooking"/>
  <testcase name="booking" time="25.232" classname="org.base.test.HotelBooking"/>
  <testcase name="booking" time="11.907" classname="org.base.test.HotelBooking"/>
  <testcase name="booking" time="24.742" classname="org.base.test.HotelBooking"/>
  <testcase name="testB" time="0.113" classname="org.base.test.HotelBooking"/>
  <testcase name="testB" time="0.303" classname="org.base.test.HotelBooking"/>
  <testcase name="testB" time="0.363" classname="org.base.test.HotelBooking"/>
  <testcase name="testB" time="0.346" classname="org.base.test.HotelBooking"/>
  <testcase name="testB" time="0.164" classname="org.base.test.HotelBooking"/>
  <testcase name="testB" time="0.366" classname="org.base.test.HotelBooking"/>
  <testcase name="testB" time="0.138" classname="org.base.test.HotelBooking"/>
  <testcase name="testB" time="0.356" classname="org.base.test.HotelBooking"/>
  <testcase name="testB" time="0.504" classname="org.base.test.HotelBooking"/>
  <testcase name="testB" time="0.285" classname="org.base.test.HotelBooking"/>
  <testcase name="testC" classname="org.base.test.HotelBooking">
    <skipped/>
  </testcase> <!-- testC -->
  <testcase name="testC" classname="org.base.test.HotelBooking">
    <skipped/>
  </testcase> <!-- testC -->
</testsuite> <!-- org.base.test.HotelBooking -->
